0 info it worked if it ends with ok
1 verbose cli [ '/usr/local/bin/node', '/usr/local/bin/npm', 'run', 'start' ]
2 info using npm@3.6.0
3 info using node@v5.7.1
4 verbose run-script [ 'prestart', 'start', 'poststart' ]
5 info lifecycle setup@1.0.0~prestart: setup@1.0.0
6 silly lifecycle setup@1.0.0~prestart: no script for prestart, continuing
7 info lifecycle setup@1.0.0~start: setup@1.0.0
8 verbose lifecycle setup@1.0.0~start: unsafe-perm in lifecycle true
9 verbose lifecycle setup@1.0.0~start: PATH: /usr/local/lib/node_modules/npm/bin/node-gyp-bin:/Users/charlesmead/Desktop/reactjsbundle/fundamentals/setup/node_modules/.bin:/Users/charlesmead/.rbenv/shims:/usr/local/bin:/usr/local/sbin:/Users/charlesmead/.rvm/gems/ruby-2.2.1/bin:/Users/charlesmead/.rvm/gems/ruby-2.2.1@global/bin:/Users/charlesmead/.rvm/rubies/ruby-2.2.1/bin:/usr/local/bin:/usr/bin:/bin:/usr/sbin:/sbin:/usr/local/git/bin:/opt/ImageMagick/bin:/Users/charlesmead/.rbenv/shims:/usr/local/sbin:/Users/charlesmead/.rvm/gems/ruby-2.2.1/bin:/Users/charlesmead/.rvm/gems/ruby-2.2.1@global/bin:/Users/charlesmead/.rvm/rubies/ruby-2.2.1/bin:/Users/charlesmead/.rvm/bin:/Users/charlesmead/.rvm/bin
10 verbose lifecycle setup@1.0.0~start: CWD: /Users/charlesmead/Desktop/reactjsbundle/fundamentals/setup
11 silly lifecycle setup@1.0.0~start: Args: [ '-c', 'wepack-dev-server' ]
12 info lifecycle setup@1.0.0~start: Failed to exec start script
13 verbose stack Error: setup@1.0.0 start: `wepack-dev-server`
13 verbose stack spawn ENOENT
13 verbose stack     at ChildProcess.<anonymous> (/usr/local/lib/node_modules/npm/lib/utils/spawn.js:17:16)
13 verbose stack     at emitTwo (events.js:100:13)
13 verbose stack     at ChildProcess.emit (events.js:185:7)
13 verbose stack     at maybeClose (internal/child_process.js:827:16)
13 verbose stack     at Process.ChildProcess._handle.onexit (internal/child_process.js:211:5)
14 verbose pkgid setup@1.0.0
15 verbose cwd /Users/charlesmead/Desktop/reactjsbundle/fundamentals/setup
16 error Darwin 15.4.0
17 error argv "/usr/local/bin/node" "/usr/local/bin/npm" "run" "start"
18 error node v5.7.1
19 error npm  v3.6.0
20 error file sh
21 error code ELIFECYCLE
22 error errno ENOENT
23 error syscall spawn
24 error setup@1.0.0 start: `wepack-dev-server`
24 error spawn ENOENT
25 error Failed at the setup@1.0.0 start script 'wepack-dev-server'.
25 error Make sure you have the latest version of node.js and npm installed.
25 error If you do, this is most likely a problem with the setup package,
25 error not with npm itself.
25 error Tell the author that this fails on your system:
25 error     wepack-dev-server
25 error You can get information on how to open an issue for this project with:
25 error     npm bugs setup
25 error Or if that isn't available, you can get their info via:
25 error     npm owner ls setup
25 error There is likely additional logging output above.
26 verbose exit [ 1, true ]
